Traceback (most recent call last):
  File "/Users/furui/Documents/class/zeropro_2025/python-class-2025/.venv/lib/python3.12/site-packages/jupyter_core/utils/__init__.py", line 154, in wrapped
    asyncio.get_running_loop()
RuntimeError: no running event loop

During handling of the above exception, another exception occurred:

Traceback (most recent call last):
  File "/Users/furui/Documents/class/zeropro_2025/python-class-2025/.venv/lib/python3.12/site-packages/jupyter_cache/executors/utils.py", line 58, in single_nb_execution
    executenb(
  File "/Users/furui/Documents/class/zeropro_2025/python-class-2025/.venv/lib/python3.12/site-packages/nbclient/client.py", line 1319, in execute
    return NotebookClient(nb=nb, resources=resources, km=km, **kwargs).execute()
           ^^^^^^^^^^^^^^^^^^^^^^^^^^^^^^^^^^^^^^^^^^^^^^^^^^^^^^^^^^^^^^^^^^^^^
  File "/Users/furui/Documents/class/zeropro_2025/python-class-2025/.venv/lib/python3.12/site-packages/jupyter_core/utils/__init__.py", line 158, in wrapped
    return loop.run_until_complete(inner)
           ^^^^^^^^^^^^^^^^^^^^^^^^^^^^^^
  File "/Users/furui/.local/share/uv/python/cpython-3.12.11-macos-aarch64-none/lib/python3.12/asyncio/base_events.py", line 691, in run_until_complete
    return future.result()
           ^^^^^^^^^^^^^^^
  File "/Users/furui/Documents/class/zeropro_2025/python-class-2025/.venv/lib/python3.12/site-packages/nbclient/client.py", line 709, in async_execute
    await self.async_execute_cell(
  File "/Users/furui/Documents/class/zeropro_2025/python-class-2025/.venv/lib/python3.12/site-packages/nbclient/client.py", line 1062, in async_execute_cell
    await self._check_raise_for_error(cell, cell_index, exec_reply)
  File "/Users/furui/Documents/class/zeropro_2025/python-class-2025/.venv/lib/python3.12/site-packages/nbclient/client.py", line 918, in _check_raise_for_error
    raise CellExecutionError.from_cell_and_msg(cell, exec_reply_content)
nbclient.exceptions.CellExecutionError: An error occurred while executing the following cell:
------------------
# è§£ç­”ä¾‹
def repeat_st1ring(text, times):
    return text * times

result = repeat_string("Hello", 3)
print(result)
------------------


[31m---------------------------------------------------------------------------[39m
[31mNameError[39m                                 Traceback (most recent call last)
[36mCell[39m[36m [39m[32mIn[10][39m[32m, line 5[39m
[32m      2[39m [38;5;28;01mdef[39;00m[38;5;250m [39m[34mrepeat_st1ring[39m(text, times):
[32m      3[39m     [38;5;28;01mreturn[39;00m text * times
[32m----> [39m[32m5[39m result = [43mrepeat_string[49m([33m"[39m[33mHello[39m[33m"[39m, [32m3[39m)
[32m      6[39m [38;5;28mprint[39m(result)

[31mNameError[39m: name 'repeat_string' is not defined

